<?xml version="1.0" encoding="UTF-8"?>
<!-- Generated by org.testng.reporters.JUnitReportReporter -->
<testsuite hostname="Sunny_lappy" failures="0" tests="1" name="CucumberOptions.TestRunner" time="0.205" errors="1" timestamp="2024-02-17T20:50:10 EST" skipped="0">
  <testcase classname="CucumberOptions.TestRunner" name="runScenario" time="0.205">
    <error message="Unresolved compilation problems: 
	testBase cannot be resolved or is not a field
	FileUtils cannot be resolved
" type="java.lang.Error">
      <![CDATA[java.lang.Error: Unresolved compilation problems: 
testBase cannot be resolved or is not a field
FileUtils cannot be resolved

at stepDefinitions.Hooks.AddScreenshot(Hooks.java:36)
]]>
    </error>
  </testcase> <!-- runScenario -->
</testsuite> <!-- CucumberOptions.TestRunner -->
